2025-06-12 11:15:12,135 - detector - INFO - Model loaded successfully from models/baseline/best_model.keras
2025-06-12 11:15:20,134 - detector - INFO - Processed batch of 125973 predictions. Total predictions: 125973
2025-06-12 11:15:20,135 - detector - WARNING - Detected 125973 potential attacks in batch (100.00% of batch)
2025-06-12 11:21:35,592 - detector - INFO - Model loaded successfully from models/baseline/best_model.keras
2025-06-12 11:21:43,809 - detector - INFO - Processed batch of 125973 predictions. Total predictions: 125973
2025-06-12 11:21:43,813 - detector - WARNING - Detected 125973 potential attacks in batch (100.00% of batch)
2025-06-12 11:51:05,549 - detector - ERROR - Error during prediction: could not convert string to float: 'tcp'
2025-06-12 11:53:23,672 - detector - ERROR - Error during prediction: Error preprocessing data: Unable to parse string "tcp" at position 0
2025-06-12 11:53:23,674 - detector - ERROR - Error during prediction: Error preprocessing data: y contains previously unseen labels: 'whois'
2025-06-12 11:53:23,675 - detector - ERROR - Error during prediction: Error preprocessing data: y contains previously unseen labels: 'whois'
2025-06-12 11:53:23,676 - detector - ERROR - Error during prediction: Error preprocessing data: y contains previously unseen labels: 'domain'
2025-06-12 11:53:23,677 - detector - ERROR - Error during prediction: Error preprocessing data: y contains previously unseen labels: 'pop_2'
2025-06-12 11:53:23,678 - detector - ERROR - Error during prediction: Error preprocessing data: y contains previously unseen labels: 'urp_i'
2025-06-12 11:53:23,679 - detector - ERROR - Error during prediction: Error preprocessing data: y contains previously unseen labels: 'gopher'
2025-06-12 11:53:23,679 - detector - ERROR - Error during prediction: Error preprocessing data: y contains previously unseen labels: 'uucp_path'
2025-06-12 11:53:23,680 - detector - ERROR - Error during prediction: Error preprocessing data: y contains previously unseen labels: 'sunrpc'
2025-06-12 11:53:23,681 - detector - ERROR - Error during prediction: Error preprocessing data: y contains previously unseen labels: 'time'
2025-06-12 11:53:23,682 - detector - ERROR - Error during prediction: Error preprocessing data: y contains previously unseen labels: 'auth'
2025-06-12 11:53:23,683 - detector - ERROR - Error during prediction: Error preprocessing data: y contains previously unseen labels: 'sunrpc'
2025-06-12 11:53:23,684 - detector - ERROR - Error during prediction: Error preprocessing data: y contains previously unseen labels: 'gopher'
2025-06-12 11:53:23,685 - detector - ERROR - Error during prediction: Error preprocessing data: y contains previously unseen labels: 'login'
2025-06-12 11:53:23,687 - detector - ERROR - Error during prediction: Error preprocessing data: y contains previously unseen labels: 'pm_dump'
2025-06-12 11:53:23,688 - detector - ERROR - Error during prediction: Error preprocessing data: y contains previously unseen labels: 'urp_i'
2025-06-12 11:53:23,689 - detector - ERROR - Error during prediction: Error preprocessing data: y contains previously unseen labels: 'nntp'
2025-06-12 11:53:23,690 - detector - ERROR - Error during prediction: Error preprocessing data: y contains previously unseen labels: 'tim_i'
2025-06-12 11:53:23,691 - detector - ERROR - Error during prediction: Error preprocessing data: y contains previously unseen labels: 'supdup'
2025-06-12 11:53:23,692 - detector - ERROR - Error during prediction: Error preprocessing data: y contains previously unseen labels: 'hostnames'
2025-06-12 11:53:23,694 - detector - ERROR - Error during prediction: Error preprocessing data: y contains previously unseen labels: 'sunrpc'
2025-06-12 11:53:23,695 - detector - ERROR - Error during prediction: Error preprocessing data: y contains previously unseen labels: 'Z39_50'
2025-06-12 11:53:23,696 - detector - ERROR - Error during prediction: Error preprocessing data: y contains previously unseen labels: 'whois'
2025-06-12 11:53:23,697 - detector - ERROR - Error during prediction: Error preprocessing data: y contains previously unseen labels: 'urp_i'
2025-06-12 11:53:23,698 - detector - ERROR - Error during prediction: Error preprocessing data: y contains previously unseen labels: 'printer'
2025-06-12 11:53:23,699 - detector - ERROR - Error during prediction: Error preprocessing data: y contains previously unseen labels: 'netbios_ns'
2025-06-12 11:53:23,700 - detector - ERROR - Error during prediction: Error preprocessing data: y contains previously unseen labels: 'http_443'
2025-06-12 11:53:23,701 - detector - ERROR - Error during prediction: Error preprocessing data: y contains previously unseen labels: 'efs'
2025-06-12 11:53:23,702 - detector - ERROR - Error during prediction: Error preprocessing data: y contains previously unseen labels: 'link'
2025-06-12 11:53:23,703 - detector - ERROR - Error during prediction: Error preprocessing data: y contains previously unseen labels: 'efs'
2025-06-12 11:53:23,704 - detector - ERROR - Error during prediction: Error preprocessing data: y contains previously unseen labels: 'whois'
2025-06-12 11:53:23,705 - detector - ERROR - Error during prediction: Error preprocessing data: y contains previously unseen labels: 'netbios_ssn'
2025-06-12 11:53:23,707 - detector - ERROR - Error during prediction: Error preprocessing data: y contains previously unseen labels: 'netbios_ns'
2025-06-12 11:53:23,708 - detector - ERROR - Error during prediction: Error preprocessing data: y contains previously unseen labels: 'netstat'
2025-06-12 11:53:23,709 - detector - ERROR - Error during prediction: Error preprocessing data: y contains previously unseen labels: 'ntp_u'
2025-06-12 11:53:23,710 - detector - ERROR - Error during prediction: Error preprocessing data: y contains previously unseen labels: 'domain'
2025-06-12 11:53:23,710 - detector - ERROR - Error during prediction: Error preprocessing data: y contains previously unseen labels: 'supdup'
2025-06-12 11:53:23,711 - detector - ERROR - Error during prediction: Error preprocessing data: y contains previously unseen labels: 'login'
2025-06-12 11:53:23,712 - detector - ERROR - Error during prediction: Error preprocessing data: y contains previously unseen labels: 'bgp'
2025-06-12 11:53:23,715 - detector - ERROR - Error during prediction: Error preprocessing data: y contains previously unseen labels: 'gopher'
2025-06-12 11:53:23,716 - detector - ERROR - Error during prediction: Error preprocessing data: y contains previously unseen labels: 'pm_dump'
2025-06-12 11:53:23,717 - detector - ERROR - Error during prediction: Error preprocessing data: y contains previously unseen labels: 'exec'
2025-06-12 11:53:23,718 - detector - ERROR - Error during prediction: Error preprocessing data: y contains previously unseen labels: 'bgp'
2025-06-12 11:53:23,719 - detector - ERROR - Error during prediction: Error preprocessing data: y contains previously unseen labels: 'auth'
2025-06-12 11:53:23,720 - detector - ERROR - Error during prediction: Error preprocessing data: y contains previously unseen labels: 'sunrpc'
2025-06-12 11:53:23,721 - detector - ERROR - Error during prediction: Error preprocessing data: y contains previously unseen labels: 'sunrpc'
2025-06-12 11:53:23,722 - detector - ERROR - Error during prediction: Error preprocessing data: y contains previously unseen labels: 'urp_i'
2025-06-12 11:53:23,723 - detector - ERROR - Error during prediction: Error preprocessing data: y contains previously unseen labels: 'daytime'
2025-06-12 11:53:23,724 - detector - ERROR - Error during prediction: Error preprocessing data: y contains previously unseen labels: 'domain'
2025-06-12 11:53:23,725 - detector - ERROR - Error during prediction: Error preprocessing data: y contains previously unseen labels: 'sunrpc'
2025-06-12 11:53:23,726 - detector - ERROR - Error during prediction: Error preprocessing data: y contains previously unseen labels: 'http_443'
2025-06-12 11:53:23,727 - detector - ERROR - Error during prediction: Error preprocessing data: y contains previously unseen labels: 'uucp_path'
2025-06-12 11:53:23,728 - detector - ERROR - Error during prediction: Error preprocessing data: y contains previously unseen labels: 'sql_net'
2025-06-12 11:53:23,728 - detector - ERROR - Error during prediction: Error preprocessing data: y contains previously unseen labels: 'tim_i'
2025-06-12 11:53:23,730 - detector - ERROR - Error during prediction: Error preprocessing data: y contains previously unseen labels: 'pop_2'
2025-06-12 11:53:23,731 - detector - ERROR - Error during prediction: Error preprocessing data: y contains previously unseen labels: 'domain'
2025-06-12 11:53:23,732 - detector - ERROR - Error during prediction: Error preprocessing data: y contains previously unseen labels: 'time'
2025-06-12 11:53:23,733 - detector - ERROR - Error during prediction: Error preprocessing data: y contains previously unseen labels: 'echo'
2025-06-12 11:53:23,734 - detector - ERROR - Error during prediction: Error preprocessing data: y contains previously unseen labels: 'exec'
2025-06-12 11:53:23,735 - detector - ERROR - Error during prediction: Error preprocessing data: y contains previously unseen labels: 'time'
2025-06-12 11:53:23,736 - detector - ERROR - Error during prediction: Error preprocessing data: y contains previously unseen labels: 'netbios_ns'
2025-06-12 11:53:23,736 - detector - ERROR - Error during prediction: Error preprocessing data: y contains previously unseen labels: 'time'
2025-06-12 11:53:23,737 - detector - ERROR - Error during prediction: Error preprocessing data: y contains previously unseen labels: 'ssh'
2025-06-12 11:53:23,738 - detector - ERROR - Error during prediction: Error preprocessing data: y contains previously unseen labels: 'hostnames'
2025-06-12 11:53:23,739 - detector - ERROR - Error during prediction: Error preprocessing data: y contains previously unseen labels: 'auth'
2025-06-12 11:53:23,740 - detector - ERROR - Error during prediction: Error preprocessing data: y contains previously unseen labels: 'vmnet'
2025-06-12 11:53:23,741 - detector - ERROR - Error during prediction: Error preprocessing data: y contains previously unseen labels: 'time'
2025-06-12 11:53:23,741 - detector - ERROR - Error during prediction: Error preprocessing data: y contains previously unseen labels: 'nnsp'
2025-06-12 11:53:23,742 - detector - ERROR - Error during prediction: Error preprocessing data: y contains previously unseen labels: 'bgp'
2025-06-12 11:53:23,743 - detector - ERROR - Error during prediction: Error preprocessing data: y contains previously unseen labels: 'echo'
2025-06-12 11:53:23,744 - detector - ERROR - Error during prediction: Error preprocessing data: y contains previously unseen labels: 'uucp_path'
2025-06-12 11:53:23,745 - detector - ERROR - Error during prediction: Error preprocessing data: y contains previously unseen labels: 'name'
2025-06-12 11:53:23,746 - detector - ERROR - Error during prediction: Error preprocessing data: y contains previously unseen labels: 'netbios_dgm'
2025-06-12 11:53:23,747 - detector - ERROR - Error during prediction: Error preprocessing data: y contains previously unseen labels: 'gopher'
2025-06-12 11:53:23,748 - detector - ERROR - Error during prediction: Error preprocessing data: y contains previously unseen labels: 'ctf'
2025-06-12 11:53:23,749 - detector - ERROR - Error during prediction: Error preprocessing data: y contains previously unseen labels: 'efs'
2025-06-12 11:53:23,751 - detector - ERROR - Error during prediction: Error preprocessing data: y contains previously unseen labels: 'uucp_path'
2025-06-12 11:53:23,752 - detector - ERROR - Error during prediction: Error preprocessing data: y contains previously unseen labels: 'netbios_ssn'
2025-06-12 11:53:23,753 - detector - ERROR - Error during prediction: Error preprocessing data: y contains previously unseen labels: 'printer'
2025-06-12 11:53:23,754 - detector - ERROR - Error during prediction: Error preprocessing data: y contains previously unseen labels: 'daytime'
2025-06-12 11:53:23,754 - detector - ERROR - Error during prediction: Error preprocessing data: y contains previously unseen labels: 'nnsp'
2025-06-12 11:53:23,755 - detector - ERROR - Error during prediction: Error preprocessing data: y contains previously unseen labels: 'printer'
2025-06-12 11:53:23,756 - detector - ERROR - Error during prediction: Error preprocessing data: y contains previously unseen labels: 'sql_net'
2025-06-12 11:53:23,757 - detector - ERROR - Error during prediction: Error preprocessing data: y contains previously unseen labels: 'sunrpc'
2025-06-12 11:53:23,758 - detector - ERROR - Error during prediction: Error preprocessing data: y contains previously unseen labels: 'hostnames'
2025-06-12 11:53:23,759 - detector - ERROR - Error during prediction: Error preprocessing data: y contains previously unseen labels: 'daytime'
2025-06-12 11:53:23,760 - detector - ERROR - Error during prediction: Error preprocessing data: y contains previously unseen labels: 'link'
2025-06-12 11:53:23,761 - detector - ERROR - Error during prediction: Error preprocessing data: y contains previously unseen labels: 'http_443'
2025-06-12 11:53:23,762 - detector - ERROR - Error during prediction: Error preprocessing data: y contains previously unseen labels: 'netbios_ns'
2025-06-12 11:53:23,762 - detector - ERROR - Error during prediction: Error preprocessing data: y contains previously unseen labels: 'vmnet'
2025-06-12 11:53:23,763 - detector - ERROR - Error during prediction: Error preprocessing data: y contains previously unseen labels: 'http_443'
2025-06-12 11:53:23,764 - detector - ERROR - Error during prediction: Error preprocessing data: y contains previously unseen labels: 'bgp'
2025-06-12 11:53:23,765 - detector - ERROR - Error during prediction: Error preprocessing data: y contains previously unseen labels: 'exec'
2025-06-12 11:53:23,766 - detector - ERROR - Error during prediction: Error preprocessing data: y contains previously unseen labels: 'uucp_path'
2025-06-12 11:53:23,767 - detector - ERROR - Error during prediction: Error preprocessing data: y contains previously unseen labels: 'uucp_path'
2025-06-12 11:53:23,768 - detector - ERROR - Error during prediction: Error preprocessing data: y contains previously unseen labels: 'kshell'
2025-06-12 11:53:23,768 - detector - ERROR - Error during prediction: Error preprocessing data: y contains previously unseen labels: 'ctf'
2025-06-12 11:53:23,769 - detector - ERROR - Error during prediction: Error preprocessing data: y contains previously unseen labels: 'netbios_dgm'
2025-06-12 11:53:23,770 - detector - ERROR - Error during prediction: Error preprocessing data: y contains previously unseen labels: 'uucp_path'
2025-06-12 11:53:23,771 - detector - ERROR - Error during prediction: Error preprocessing data: y contains previously unseen labels: 'remote_job'
2025-06-12 11:53:23,772 - detector - ERROR - Error during prediction: Error preprocessing data: y contains previously unseen labels: 'domain'
2025-06-12 11:53:23,772 - detector - ERROR - Error during prediction: Error preprocessing data: y contains previously unseen labels: 'echo'
2025-06-12 11:53:23,774 - detector - ERROR - Error during prediction: Error preprocessing data: y contains previously unseen labels: 'netbios_ssn'
2025-06-12 11:53:23,774 - detector - ERROR - Error during prediction: Error preprocessing data: y contains previously unseen labels: 'auth'
2025-06-12 11:53:23,775 - detector - ERROR - Error during prediction: Error preprocessing data: y contains previously unseen labels: 'uucp_path'
2025-06-12 11:53:23,777 - detector - ERROR - Error during prediction: Error preprocessing data: y contains previously unseen labels: 'auth'
2025-06-12 11:53:23,778 - detector - ERROR - Error during prediction: Error preprocessing data: y contains previously unseen labels: 'Z39_50'
2025-06-12 11:53:23,779 - detector - ERROR - Error during prediction: Error preprocessing data: y contains previously unseen labels: 'link'
2025-06-12 11:53:23,779 - detector - ERROR - Error during prediction: Error preprocessing data: y contains previously unseen labels: 'name'
2025-06-12 11:53:23,780 - detector - ERROR - Error during prediction: Error preprocessing data: y contains previously unseen labels: 'echo'
2025-06-12 11:53:23,781 - detector - ERROR - Error during prediction: Error preprocessing data: y contains previously unseen labels: 'sunrpc'
2025-06-12 11:53:23,782 - detector - ERROR - Error during prediction: Error preprocessing data: y contains previously unseen labels: 'netbios_dgm'
2025-06-12 11:53:23,783 - detector - ERROR - Error during prediction: Error preprocessing data: y contains previously unseen labels: 'klogin'
2025-06-12 11:53:23,834 - detector - ERROR - Error during prediction: Error preprocessing data: y contains previously unseen labels: 'netbios_dgm'
2025-06-12 11:53:23,835 - detector - ERROR - Error during prediction: Error preprocessing data: y contains previously unseen labels: 'uucp_path'
2025-06-12 11:53:23,836 - detector - ERROR - Error during prediction: Error preprocessing data: y contains previously unseen labels: 'ntp_u'
2025-06-12 11:53:23,838 - detector - ERROR - Error during prediction: Error preprocessing data: y contains previously unseen labels: 'klogin'
2025-06-12 11:53:23,839 - detector - ERROR - Error during prediction: Error preprocessing data: y contains previously unseen labels: 'auth'
2025-06-12 11:53:23,840 - detector - ERROR - Error during prediction: Error preprocessing data: y contains previously unseen labels: 'bgp'
2025-06-12 11:53:23,841 - detector - ERROR - Error during prediction: Error preprocessing data: y contains previously unseen labels: 'time'
2025-06-12 11:53:23,842 - detector - ERROR - Error during prediction: Error preprocessing data: y contains previously unseen labels: 'sunrpc'
2025-06-12 11:53:23,843 - detector - ERROR - Error during prediction: Error preprocessing data: y contains previously unseen labels: 'whois'
2025-06-12 11:53:23,844 - detector - ERROR - Error during prediction: Error preprocessing data: y contains previously unseen labels: 'bgp'
2025-06-12 11:53:23,845 - detector - ERROR - Error during prediction: Error preprocessing data: y contains previously unseen labels: 'Z39_50'
2025-06-12 11:53:23,845 - detector - ERROR - Error during prediction: Error preprocessing data: y contains previously unseen labels: 'Z39_50'
2025-06-12 11:53:23,846 - detector - ERROR - Error during prediction: Error preprocessing data: y contains previously unseen labels: 'sunrpc'
2025-06-12 11:53:23,847 - detector - ERROR - Error during prediction: Error preprocessing data: y contains previously unseen labels: 'netbios_ns'
2025-06-12 11:53:23,848 - detector - ERROR - Error during prediction: Error preprocessing data: y contains previously unseen labels: 'uucp_path'
2025-06-12 11:53:23,849 - detector - ERROR - Error during prediction: Error preprocessing data: y contains previously unseen labels: 'sunrpc'
2025-06-12 11:53:23,850 - detector - ERROR - Error during prediction: Error preprocessing data: y contains previously unseen labels: 'printer'
2025-06-12 11:53:23,851 - detector - ERROR - Error during prediction: Error preprocessing data: y contains previously unseen labels: 'klogin'
2025-06-12 11:53:23,852 - detector - ERROR - Error during prediction: Error preprocessing data: y contains previously unseen labels: 'nnsp'
2025-06-12 11:53:23,853 - detector - ERROR - Error during prediction: Error preprocessing data: y contains previously unseen labels: 'gopher'
2025-06-12 11:53:23,854 - detector - ERROR - Error during prediction: Error preprocessing data: y contains previously unseen labels: 'nnsp'
2025-06-12 11:53:23,855 - detector - ERROR - Error during prediction: Error preprocessing data: y contains previously unseen labels: 'vmnet'
2025-06-12 11:53:23,856 - detector - ERROR - Error during prediction: Error preprocessing data: y contains previously unseen labels: 'netstat'
2025-06-12 11:53:23,857 - detector - ERROR - Error during prediction: Error preprocessing data: y contains previously unseen labels: 'ctf'
2025-06-12 11:53:23,859 - detector - ERROR - Error during prediction: Error preprocessing data: y contains previously unseen labels: 'rje'
2025-06-12 11:53:23,860 - detector - ERROR - Error during prediction: Error preprocessing data: y contains previously unseen labels: 'sunrpc'
2025-06-12 11:53:23,861 - detector - ERROR - Error during prediction: Error preprocessing data: y contains previously unseen labels: 'auth'
2025-06-12 11:53:23,862 - detector - ERROR - Error during prediction: Error preprocessing data: y contains previously unseen labels: 'pm_dump'
2025-06-12 11:53:23,863 - detector - ERROR - Error during prediction: Error preprocessing data: y contains previously unseen labels: 'pm_dump'
2025-06-12 11:53:23,864 - detector - ERROR - Error during prediction: Error preprocessing data: y contains previously unseen labels: 'name'
2025-06-12 11:53:23,865 - detector - ERROR - Error during prediction: Error preprocessing data: y contains previously unseen labels: 'sunrpc'
2025-06-12 11:53:23,865 - detector - ERROR - Error during prediction: Error preprocessing data: y contains previously unseen labels: 'Z39_50'
2025-06-12 11:53:23,866 - detector - ERROR - Error during prediction: Error preprocessing data: y contains previously unseen labels: 'auth'
2025-06-12 11:53:23,867 - detector - ERROR - Error during prediction: Error preprocessing data: y contains previously unseen labels: 'netbios_ns'
2025-06-12 11:53:23,868 - detector - ERROR - Error during prediction: Error preprocessing data: y contains previously unseen labels: 'sunrpc'
2025-06-12 11:53:23,868 - detector - ERROR - Error during prediction: Error preprocessing data: y contains previously unseen labels: 'supdup'
2025-06-12 11:53:23,869 - detector - ERROR - Error during prediction: Error preprocessing data: y contains previously unseen labels: 'domain'
2025-06-12 11:53:23,870 - detector - ERROR - Error during prediction: Error preprocessing data: y contains previously unseen labels: 'supdup'
2025-06-12 11:53:23,871 - detector - ERROR - Error during prediction: Error preprocessing data: y contains previously unseen labels: 'netbios_dgm'
2025-06-12 11:53:23,872 - detector - ERROR - Error during prediction: Error preprocessing data: y contains previously unseen labels: 'tim_i'
2025-06-12 11:53:23,873 - detector - ERROR - Error during prediction: Error preprocessing data: y contains previously unseen labels: 'uucp_path'
2025-06-12 11:53:23,874 - detector - ERROR - Error during prediction: Error preprocessing data: y contains previously unseen labels: 'kshell'
2025-06-12 11:53:23,876 - detector - ERROR - Error during prediction: Error preprocessing data: y contains previously unseen labels: 'pop_2'
2025-06-12 11:53:23,877 - detector - ERROR - Error during prediction: Error preprocessing data: y contains previously unseen labels: 'supdup'
2025-06-12 11:53:23,878 - detector - ERROR - Error during prediction: Error preprocessing data: y contains previously unseen labels: 'nnsp'
2025-06-12 11:53:23,879 - detector - ERROR - Error during prediction: Error preprocessing data: y contains previously unseen labels: 'sunrpc'
2025-06-12 11:53:23,880 - detector - ERROR - Error during prediction: Error preprocessing data: y contains previously unseen labels: 'name'
2025-06-12 11:53:23,881 - detector - ERROR - Error during prediction: Error preprocessing data: y contains previously unseen labels: 'auth'
2025-06-12 11:53:23,882 - detector - ERROR - Error during prediction: Error preprocessing data: y contains previously unseen labels: 'bgp'
2025-06-12 11:53:23,883 - detector - ERROR - Error during prediction: Error preprocessing data: y contains previously unseen labels: 'ntp_u'
2025-06-12 11:53:23,884 - detector - ERROR - Error during prediction: Error preprocessing data: y contains previously unseen labels: 'netbios_ns'
2025-06-12 11:53:23,885 - detector - ERROR - Error during prediction: Error preprocessing data: y contains previously unseen labels: 'bgp'
2025-06-12 11:53:23,886 - detector - ERROR - Error during prediction: Error preprocessing data: y contains previously unseen labels: 'http_443'
2025-06-12 11:53:23,888 - detector - ERROR - Error during prediction: Error preprocessing data: y contains previously unseen labels: 'kshell'
2025-06-12 11:53:23,889 - detector - ERROR - Error during prediction: Error preprocessing data: y contains previously unseen labels: 'domain'
2025-06-12 11:53:23,890 - detector - ERROR - Error during prediction: Error preprocessing data: y contains previously unseen labels: 'ssh'
2025-06-12 11:53:23,891 - detector - ERROR - Error during prediction: Error preprocessing data: y contains previously unseen labels: 'whois'
2025-06-12 11:53:23,892 - detector - ERROR - Error during prediction: Error preprocessing data: y contains previously unseen labels: 'hostnames'
2025-06-12 11:53:23,893 - detector - ERROR - Error during prediction: Error preprocessing data: y contains previously unseen labels: 'kshell'
2025-06-12 11:53:23,894 - detector - ERROR - Error during prediction: Error preprocessing data: y contains previously unseen labels: 'auth'
2025-06-12 11:53:23,895 - detector - ERROR - Error during prediction: Error preprocessing data: y contains previously unseen labels: 'bgp'
2025-06-12 11:53:23,896 - detector - ERROR - Error during prediction: Error preprocessing data: y contains previously unseen labels: 'netstat'
2025-06-12 11:53:23,896 - detector - ERROR - Error during prediction: Error preprocessing data: y contains previously unseen labels: 'pm_dump'
2025-06-12 11:53:23,897 - detector - ERROR - Error during prediction: Error preprocessing data: y contains previously unseen labels: 'X11'
2025-06-12 11:53:23,898 - detector - ERROR - Error during prediction: Error preprocessing data: y contains previously unseen labels: 'vmnet'
2025-06-12 11:53:23,899 - detector - ERROR - Error during prediction: Error preprocessing data: y contains previously unseen labels: 'exec'
2025-06-12 11:53:23,900 - detector - ERROR - Error during prediction: Error preprocessing data: y contains previously unseen labels: 'netbios_dgm'
2025-06-12 11:53:23,901 - detector - ERROR - Error during prediction: Error preprocessing data: y contains previously unseen labels: 'urp_i'
2025-06-12 11:53:23,902 - detector - ERROR - Error during prediction: Error preprocessing data: y contains previously unseen labels: 'http_443'
2025-06-12 11:53:23,903 - detector - ERROR - Error during prediction: Error preprocessing data: y contains previously unseen labels: 'http_443'
2025-06-12 11:53:23,904 - detector - ERROR - Error during prediction: Error preprocessing data: y contains previously unseen labels: 'kshell'
2025-06-12 11:53:23,906 - detector - ERROR - Error during prediction: Error preprocessing data: y contains previously unseen labels: 'auth'
2025-06-12 11:53:23,907 - detector - ERROR - Error during prediction: Error preprocessing data: y contains previously unseen labels: 'link'
2025-06-12 11:53:23,908 - detector - ERROR - Error during prediction: Error preprocessing data: y contains previously unseen labels: 'netstat'
2025-06-12 11:53:23,909 - detector - ERROR - Error during prediction: Error preprocessing data: y contains previously unseen labels: 'name'
2025-06-12 11:53:23,910 - detector - ERROR - Error during prediction: Error preprocessing data: y contains previously unseen labels: 'uucp_path'
2025-06-12 11:53:23,911 - detector - ERROR - Error during prediction: Error preprocessing data: y contains previously unseen labels: 'netstat'
2025-06-12 11:53:23,913 - detector - ERROR - Error during prediction: Error preprocessing data: y contains previously unseen labels: 'netstat'
2025-06-12 11:53:23,914 - detector - ERROR - Error during prediction: Error preprocessing data: y contains previously unseen labels: 'gopher'
2025-06-12 11:53:23,915 - detector - ERROR - Error during prediction: Error preprocessing data: y contains previously unseen labels: 'hostnames'
2025-06-12 11:53:23,916 - detector - ERROR - Error during prediction: Error preprocessing data: y contains previously unseen labels: 'X11'
2025-06-12 11:53:23,917 - detector - ERROR - Error during prediction: Error preprocessing data: y contains previously unseen labels: 'ctf'
2025-06-12 11:53:23,918 - detector - ERROR - Error during prediction: Error preprocessing data: y contains previously unseen labels: 'exec'
2025-06-12 11:53:23,920 - detector - ERROR - Error during prediction: Error preprocessing data: y contains previously unseen labels: 'sunrpc'
2025-06-12 11:53:23,921 - detector - ERROR - Error during prediction: Error preprocessing data: y contains previously unseen labels: 'name'
2025-06-12 11:53:23,922 - detector - ERROR - Error during prediction: Error preprocessing data: y contains previously unseen labels: 'gopher'
2025-06-12 11:53:23,924 - detector - ERROR - Error during prediction: Error preprocessing data: y contains previously unseen labels: 'whois'
2025-06-12 11:53:23,925 - detector - ERROR - Error during prediction: Error preprocessing data: y contains previously unseen labels: 'echo'
2025-06-12 11:53:23,927 - detector - ERROR - Error during prediction: Error preprocessing data: y contains previously unseen labels: 'netstat'
2025-06-12 11:53:23,928 - detector - ERROR - Error during prediction: Error preprocessing data: y contains previously unseen labels: 'http_443'
2025-06-12 11:53:23,930 - detector - ERROR - Error during prediction: Error preprocessing data: y contains previously unseen labels: 'klogin'
2025-06-12 11:53:23,931 - detector - ERROR - Error during prediction: Error preprocessing data: y contains previously unseen labels: 'domain'
2025-06-12 11:53:23,933 - detector - ERROR - Error during prediction: Error preprocessing data: y contains previously unseen labels: 'efs'
2025-06-12 11:53:23,934 - detector - ERROR - Error during prediction: Error preprocessing data: y contains previously unseen labels: 'nntp'
2025-06-12 11:53:23,936 - detector - ERROR - Error during prediction: Error preprocessing data: y contains previously unseen labels: 'nntp'
2025-06-12 11:53:23,937 - detector - ERROR - Error during prediction: Error preprocessing data: y contains previously unseen labels: 'urp_i'
2025-06-12 11:53:23,938 - detector - ERROR - Error during prediction: Error preprocessing data: y contains previously unseen labels: 'whois'
2025-06-12 11:53:23,939 - detector - ERROR - Error during prediction: Error preprocessing data: y contains previously unseen labels: 'link'
2025-06-12 11:53:23,940 - detector - ERROR - Error during prediction: Error preprocessing data: y contains previously unseen labels: 'login'
2025-06-12 11:53:23,941 - detector - ERROR - Error during prediction: Error preprocessing data: y contains previously unseen labels: 'Z39_50'
2025-06-12 11:53:23,943 - detector - ERROR - Error during prediction: Error preprocessing data: y contains previously unseen labels: 'netstat'
2025-06-12 11:53:23,944 - detector - ERROR - Error during prediction: Error preprocessing data: y contains previously unseen labels: 'domain'
2025-06-12 11:53:23,945 - detector - ERROR - Error during prediction: Error preprocessing data: y contains previously unseen labels: 'auth'
2025-06-12 11:53:23,946 - detector - ERROR - Error during prediction: Error preprocessing data: y contains previously unseen labels: 'time'
2025-06-12 11:53:23,947 - detector - ERROR - Error during prediction: Error preprocessing data: y contains previously unseen labels: 'bgp'
2025-06-12 11:53:23,948 - detector - ERROR - Error during prediction: Error preprocessing data: y contains previously unseen labels: 'netstat'
2025-06-12 11:53:23,949 - detector - ERROR - Error during prediction: Error preprocessing data: y contains previously unseen labels: 'name'
2025-06-12 11:53:23,950 - detector - ERROR - Error during prediction: Error preprocessing data: y contains previously unseen labels: 'vmnet'
2025-06-12 11:53:23,951 - detector - ERROR - Error during prediction: Error preprocessing data: y contains previously unseen labels: 'name'
2025-06-12 11:53:23,952 - detector - ERROR - Error during prediction: Error preprocessing data: y contains previously unseen labels: 'vmnet'
2025-06-12 11:53:23,953 - detector - ERROR - Error during prediction: Error preprocessing data: y contains previously unseen labels: 'netbios_dgm'
2025-06-12 11:53:23,955 - detector - ERROR - Error during prediction: Error preprocessing data: y contains previously unseen labels: 'remote_job'
2025-06-12 11:53:23,956 - detector - ERROR - Error during prediction: Error preprocessing data: y contains previously unseen labels: 'supdup'
2025-06-12 12:06:42,966 - detector - ERROR - Error during prediction: Error preprocessing data: could not convert string to float: 'tcp'
